<?xml version="1.0" encoding="UTF-8"?>
<!-- Generated by org.testng.reporters.JUnitXMLReporter -->
<testsuite ignored="7" hostname="DESKTOP-80GKG3M" failures="1" tests="1" name="Default test(failed)" time="7.444" errors="0" timestamp="2021-12-14T04:58:45 CET">
  <testcase classname="test.TestHomePage" name="verifyFooterOfTheSite" time="0.024">
    <failure type="org.openqa.selenium.NoSuchElementException" message="no such element: Unable to locate element: {&amp;quot;method&amp;quot;:&amp;quot;css selector&amp;quot;,&amp;quot;selector&amp;quot;:&amp;quot;body:nth-child(2) div:nth-child(4) footer:nth-child(3) &amp;gt; span:nth-child(1)&amp;quot;}
  (Session info: chrome=96.0.4664.93)
For documentation on this error, please visit: https://www.seleniumhq.org/exceptions/no_such_element.html
Build info: version: &amp;apos;3.141.59&amp;apos;, revision: &amp;apos;e82be7d358&amp;apos;, time: &amp;apos;2018-11-14T08:25:48&amp;apos;
System info: host: &amp;apos;DESKTOP-80GKG3M&amp;apos;, ip: &amp;apos;192.168.0.15&amp;apos;, os.name: &amp;apos;Windows 10&amp;apos;, os.arch: &amp;apos;amd64&amp;apos;, os.version: &amp;apos;10.0&amp;apos;, java.version: &amp;apos;16.0.2&amp;apos;
Driver info: org.openqa.selenium.chrome.ChromeDriver
Capabilities {acceptInsecureCerts: false, browserName: chrome, browserVersion: 96.0.4664.93, chrome: {chromedriverVersion: 95.0.4638.17 (a9d0719444d4b..., userDataDir: C:\Users\Vlad\AppData\Local...}, goog:chromeOptions: {debuggerAddress: localhost:61638}, javascriptEnabled: true, networkConnectionEnabled: false, pageLoadStrategy: normal, platform: WINDOWS, platformName: WINDOWS, proxy: Proxy(), setWindowRect: true, strictFileInteractability: false, timeouts: {implicit: 0, pageLoad: 300000, script: 30000}, unhandledPromptBehavior: dismiss and notify, webauthn:extension:credBlob: true, webauthn:extension:largeBlob: true, webauthn:virtualAuthenticators: true}
Session ID: e6cff8c561f92cb676ca4ef2c9ef6dd5
*** Element info: {Using=css selector, value=body:nth-child(2) div:nth-child(4) footer:nth-child(3) &amp;gt; span:nth-child(1)}">
      <![CDATA[org.openqa.selenium.NoSuchElementException: no such element: Unable to locate element: {"method":"css selector","selector":"body:nth-child(2) div:nth-child(4) footer:nth-child(3) > span:nth-child(1)"}
  (Session info: chrome=96.0.4664.93)
For documentation on this error, please visit: https://www.seleniumhq.org/exceptions/no_such_element.html
Build info: version: '3.141.59', revision: 'e82be7d358', time: '2018-11-14T08:25:48'
System info: host: 'DESKTOP-80GKG3M', ip: '192.168.0.15', os.name: 'Windows 10', os.arch: 'amd64', os.version: '10.0', java.version: '16.0.2'
Driver info: org.openqa.selenium.chrome.ChromeDriver
Capabilities {acceptInsecureCerts: false, browserName: chrome, browserVersion: 96.0.4664.93, chrome: {chromedriverVersion: 95.0.4638.17 (a9d0719444d4b..., userDataDir: C:\Users\Vlad\AppData\Local...}, goog:chromeOptions: {debuggerAddress: localhost:61638}, javascriptEnabled: true, networkConnectionEnabled: false, pageLoadStrategy: normal, platform: WINDOWS, platformName: WINDOWS, proxy: Proxy(), setWindowRect: true, strictFileInteractability: false, timeouts: {implicit: 0, pageLoad: 300000, script: 30000}, unhandledPromptBehavior: dismiss and notify, webauthn:extension:credBlob: true, webauthn:extension:largeBlob: true, webauthn:virtualAuthenticators: true}
Session ID: e6cff8c561f92cb676ca4ef2c9ef6dd5
*** Element info: {Using=css selector, value=body:nth-child(2) div:nth-child(4) footer:nth-child(3) > span:nth-child(1)}
at org.openqa.selenium.remote.http.W3CHttpResponseCodec.createException(W3CHttpResponseCodec.java:187)
at org.openqa.selenium.remote.http.W3CHttpResponseCodec.decode(W3CHttpResponseCodec.java:122)
at org.openqa.selenium.remote.http.W3CHttpResponseCodec.decode(W3CHttpResponseCodec.java:49)
at org.openqa.selenium.remote.HttpCommandExecutor.execute(HttpCommandExecutor.java:158)
at org.openqa.selenium.remote.service.DriverCommandExecutor.execute(DriverCommandExecutor.java:83)
at org.openqa.selenium.remote.RemoteWebDriver.execute(RemoteWebDriver.java:552)
at org.openqa.selenium.remote.RemoteWebDriver.findElement(RemoteWebDriver.java:323)
at org.openqa.selenium.remote.RemoteWebDriver.findElementByCssSelector(RemoteWebDriver.java:420)
at org.openqa.selenium.By$ByCssSelector.findElement(By.java:431)
at org.openqa.selenium.remote.RemoteWebDriver.findElement(RemoteWebDriver.java:315)
at pages.HomePage.getFooter(HomePage.java:44)
at test.TestHomePage.verifyFooterOfTheSite(TestHomePage.java:33)
at java.base/java.util.ArrayList.forEach(ArrayList.java:1511)
... Removed 32 stack frames]]>
    </failure>
  </testcase> <!-- verifyFooterOfTheSite -->
  <testcase classname="test.TestHomePage" name="verifyClickOnAlertsFrameWindows" time="0.0">
    <ignored/>
  </testcase> <!-- verifyClickOnAlertsFrameWindows -->
  <testcase classname="test.TestHomePage" name="verifyClickOnBookStoreApplication" time="0.0">
    <ignored/>
  </testcase> <!-- verifyClickOnBookStoreApplication -->
  <testcase classname="test.TestHomePage" name="verifyClickOnInteractions" time="0.0">
    <ignored/>
  </testcase> <!-- verifyClickOnInteractions -->
  <testcase classname="test.TestHomePage" name="verifyClickOnWidgets" time="0.0">
    <ignored/>
  </testcase> <!-- verifyClickOnWidgets -->
  <testcase classname="test.TestHomePage" name="verifyThatHeaderOfTheSiteIsPresent" time="0.0">
    <ignored/>
  </testcase> <!-- verifyThatHeaderOfTheSiteIsPresent -->
  <testcase classname="test.TestHomePage" name="verifyClickOnFormsTab" time="0.0">
    <ignored/>
  </testcase> <!-- verifyClickOnFormsTab -->
  <testcase classname="test.TestHomePage" name="verifyClickOnElementsTab" time="0.0">
    <ignored/>
  </testcase> <!-- verifyClickOnElementsTab -->
</testsuite> <!-- Default test(failed) -->
