<?xml version="1.0" encoding="UTF-8"?>
<testng-results ignored="0" total="6" passed="5" failed="1" skipped="0">
  <reporter-output>
  </reporter-output>
  <suite started-at="2021-11-03T19:21:50 CET" name="Default suite" finished-at="2021-11-03T19:21:59 CET" duration-ms="9449">
    <groups>
    </groups>
    <test started-at="2021-11-03T19:21:50 CET" name="Default test" finished-at="2021-11-03T19:21:59 CET" duration-ms="9449">
      <class name="test.TestTextBox">
        <test-method is-config="true" signature="setUp()[pri:0, instance:test.TestTextBox@49d904ec]" started-at="2021-11-03T19:21:50 CET" name="setUp" finished-at="2021-11-03T19:21:52 CET" duration-ms="2430" status="PASS">
          <reporter-output>
          </reporter-output>
        </test-method> <!-- setUp -->
        <test-method is-config="true" signature="setUpPage()[pri:0, instance:test.TestTextBox@49d904ec]" started-at="2021-11-03T19:21:52 CET" name="setUpPage" finished-at="2021-11-03T19:21:54 CET" duration-ms="1943" status="PASS">
          <reporter-output>
          </reporter-output>
        </test-method> <!-- setUpPage -->
        <test-method signature="verifyClickOnTextBox()[pri:10, instance:test.TestTextBox@49d904ec]" started-at="2021-11-03T19:21:54 CET" name="verifyClickOnTextBox" finished-at="2021-11-03T19:21:54 CET" duration-ms="250" status="PASS">
          <reporter-output>
          </reporter-output>
        </test-method> <!-- verifyClickOnTextBox -->
        <test-method is-config="true" signature="setUpPage()[pri:0, instance:test.TestTextBox@49d904ec]" started-at="2021-11-03T19:21:54 CET" name="setUpPage" finished-at="2021-11-03T19:21:55 CET" duration-ms="295" status="PASS">
          <reporter-output>
          </reporter-output>
        </test-method> <!-- setUpPage -->
        <test-method signature="validTextInputInTextBoxesFields()[pri:20, instance:test.TestTextBox@49d904ec]" started-at="2021-11-03T19:21:55 CET" name="validTextInputInTextBoxesFields" finished-at="2021-11-03T19:21:55 CET" duration-ms="629" status="PASS">
          <reporter-output>
          </reporter-output>
        </test-method> <!-- validTextInputInTextBoxesFields -->
        <test-method is-config="true" signature="setUpPage()[pri:0, instance:test.TestTextBox@49d904ec]" started-at="2021-11-03T19:21:55 CET" name="setUpPage" finished-at="2021-11-03T19:21:56 CET" duration-ms="410" status="PASS">
          <reporter-output>
          </reporter-output>
        </test-method> <!-- setUpPage -->
        <test-method signature="permanentAddress()[pri:30, instance:test.TestTextBox@49d904ec]" started-at="2021-11-03T19:21:56 CET" name="permanentAddress" finished-at="2021-11-03T19:21:56 CET" duration-ms="386" status="FAIL">
          <exception class="java.lang.AssertionError">
            <message>
              <![CDATA[expected [Permanent Address :Decanska] but found [Permananet Address :Decanska]]]>
            </message>
            <full-stacktrace>
              <![CDATA[java.lang.AssertionError: expected [Permanent Address :Decanska] but found [Permananet Address :Decanska]
at org.testng.Assert.fail(Assert.java:99)
at org.testng.Assert.failNotEquals(Assert.java:1037)
at org.testng.Assert.assertEqualsImpl(Assert.java:140)
at org.testng.Assert.assertEquals(Assert.java:122)
at org.testng.Assert.assertEquals(Assert.java:629)
at org.testng.Assert.assertEquals(Assert.java:639)
at test.TestTextBox.permanentAddress(TestTextBox.java:60)
at java.base/jdk.internal.reflect.NativeMethodAccessorImpl.invoke0(Native Method)
at java.base/jdk.internal.reflect.NativeMethodAccessorImpl.invoke(NativeMethodAccessorImpl.java:78)
at java.base/jdk.internal.reflect.DelegatingMethodAccessorImpl.invoke(DelegatingMethodAccessorImpl.java:43)
at java.base/java.lang.reflect.Method.invoke(Method.java:567)
at org.testng.internal.MethodInvocationHelper.invokeMethod(MethodInvocationHelper.java:133)
at org.testng.internal.TestInvoker.invokeMethod(TestInvoker.java:598)
at org.testng.internal.TestInvoker.invokeTestMethod(TestInvoker.java:173)
at org.testng.internal.MethodRunner.runInSequence(MethodRunner.java:46)
at org.testng.internal.TestInvoker$MethodInvocationAgent.invoke(TestInvoker.java:824)
at org.testng.internal.TestInvoker.invokeTestMethods(TestInvoker.java:146)
at org.testng.internal.TestMethodWorker.invokeTestMethods(TestMethodWorker.java:146)
at org.testng.internal.TestMethodWorker.run(TestMethodWorker.java:128)
at java.base/java.util.ArrayList.forEach(ArrayList.java:1511)
at org.testng.TestRunner.privateRun(TestRunner.java:794)
at org.testng.TestRunner.run(TestRunner.java:596)
at org.testng.SuiteRunner.runTest(SuiteRunner.java:377)
at org.testng.SuiteRunner.runSequentially(SuiteRunner.java:371)
at org.testng.SuiteRunner.privateRun(SuiteRunner.java:332)
at org.testng.SuiteRunner.run(SuiteRunner.java:276)
at org.testng.SuiteRunnerWorker.runSuite(SuiteRunnerWorker.java:53)
at org.testng.SuiteRunnerWorker.run(SuiteRunnerWorker.java:96)
at org.testng.TestNG.runSuitesSequentially(TestNG.java:1212)
at org.testng.TestNG.runSuitesLocally(TestNG.java:1134)
at org.testng.TestNG.runSuites(TestNG.java:1063)
at org.testng.TestNG.run(TestNG.java:1031)
at org.testng.remote.AbstractRemoteTestNG.run(AbstractRemoteTestNG.java:115)
at org.testng.remote.RemoteTestNG.initAndRun(RemoteTestNG.java:251)
at org.testng.remote.RemoteTestNG.main(RemoteTestNG.java:77)
]]>
            </full-stacktrace>
          </exception> <!-- java.lang.AssertionError -->
          <reporter-output>
          </reporter-output>
        </test-method> <!-- permanentAddress -->
        <test-method is-config="true" signature="setUpPage()[pri:0, instance:test.TestTextBox@49d904ec]" started-at="2021-11-03T19:21:56 CET" name="setUpPage" finished-at="2021-11-03T19:21:56 CET" duration-ms="277" status="PASS">
          <reporter-output>
          </reporter-output>
        </test-method> <!-- setUpPage -->
        <test-method signature="verifyValidResultIfUserInputValidEmailAddress()[pri:40, instance:test.TestTextBox@49d904ec]" started-at="2021-11-03T19:21:56 CET" name="verifyValidResultIfUserInputValidEmailAddress" finished-at="2021-11-03T19:21:57 CET" duration-ms="461" status="PASS">
          <reporter-output>
          </reporter-output>
        </test-method> <!-- verifyValidResultIfUserInputValidEmailAddress -->
        <test-method is-config="true" signature="setUpPage()[pri:0, instance:test.TestTextBox@49d904ec]" started-at="2021-11-03T19:21:57 CET" name="setUpPage" finished-at="2021-11-03T19:21:57 CET" duration-ms="423" status="PASS">
          <reporter-output>
          </reporter-output>
        </test-method> <!-- setUpPage -->
        <test-method signature="testInvalidEmailInputs()[pri:50, instance:test.TestTextBox@49d904ec]" started-at="2021-11-03T19:21:57 CET" name="testInvalidEmailInputs" finished-at="2021-11-03T19:21:58 CET" duration-ms="1270" status="PASS">
          <reporter-output>
          </reporter-output>
        </test-method> <!-- testInvalidEmailInputs -->
        <test-method is-config="true" signature="setUpPage()[pri:0, instance:test.TestTextBox@49d904ec]" started-at="2021-11-03T19:21:58 CET" name="setUpPage" finished-at="2021-11-03T19:21:59 CET" duration-ms="389" status="PASS">
          <reporter-output>
          </reporter-output>
        </test-method> <!-- setUpPage -->
        <test-method signature="verifyThatTextDoNotAppearWhenUserDoNotInputText()[pri:60, instance:test.TestTextBox@49d904ec]" started-at="2021-11-03T19:21:59 CET" name="verifyThatTextDoNotAppearWhenUserDoNotInputText" finished-at="2021-11-03T19:21:59 CET" duration-ms="246" status="PASS">
          <reporter-output>
          </reporter-output>
        </test-method> <!-- verifyThatTextDoNotAppearWhenUserDoNotInputText -->
      </class> <!-- test.TestTextBox -->
    </test> <!-- Default test -->
  </suite> <!-- Default suite -->
</testng-results>
